0 info it worked if it ends with ok
1 verbose cli [ '/usr/local/Cellar/node/7.7.1/bin/node',
1 verbose cli   '/usr/local/bin/npm',
1 verbose cli   'start' ]
2 info using npm@4.1.2
3 info using node@v7.7.1
4 verbose run-script [ 'prestart', 'start', 'poststart' ]
5 info lifecycle grontify@~prestart: grontify@
6 silly lifecycle grontify@~prestart: no script for prestart, continuing
7 info lifecycle grontify@~start: grontify@
8 verbose lifecycle grontify@~start: unsafe-perm in lifecycle true
9 verbose lifecycle grontify@~start: PATH: /usr/local/lib/node_modules/npm/bin/node-gyp-bin:/Users/adrianmb/Desktop/grontify-v2/node_modules/.bin:/usr/local/bin:/usr/bin:/bin:/usr/sbin:/sbin:/Users/adrianmb/Library/Android/sdk/platform-tools/:/Users/adrianmb/Library/Android/sdk/platform-tools/
10 verbose lifecycle grontify@~start: CWD: /Users/adrianmb/Desktop/grontify-v2
11 silly lifecycle grontify@~start: Args: [ '-c',
11 silly lifecycle   'meteor --settings settings-development.json --port 3030' ]
12 silly lifecycle grontify@~start: Returned: code: 254  signal: null
13 info lifecycle grontify@~start: Failed to exec start script
14 verbose stack Error: grontify@ start: `meteor --settings settings-development.json --port 3030`
14 verbose stack Exit status 254
14 verbose stack     at EventEmitter.<anonymous> (/usr/local/lib/node_modules/npm/lib/utils/lifecycle.js:279:16)
14 verbose stack     at emitTwo (events.js:106:13)
14 verbose stack     at EventEmitter.emit (events.js:194:7)
14 verbose stack     at ChildProcess.<anonymous> (/usr/local/lib/node_modules/npm/lib/utils/spawn.js:40:14)
14 verbose stack     at emitTwo (events.js:106:13)
14 verbose stack     at ChildProcess.emit (events.js:194:7)
14 verbose stack     at maybeClose (internal/child_process.js:899:16)
14 verbose stack     at Process.ChildProcess._handle.onexit (internal/child_process.js:226:5)
15 verbose pkgid grontify@
16 verbose cwd /Users/adrianmb/Desktop/grontify-v2
17 error Darwin 16.1.0
18 error argv "/usr/local/Cellar/node/7.7.1/bin/node" "/usr/local/bin/npm" "start"
19 error node v7.7.1
20 error npm  v4.1.2
21 error code ELIFECYCLE
22 error grontify@ start: `meteor --settings settings-development.json --port 3030`
22 error Exit status 254
23 error Failed at the grontify@ start script 'meteor --settings settings-development.json --port 3030'.
23 error Make sure you have the latest version of node.js and npm installed.
23 error If you do, this is most likely a problem with the grontify package,
23 error not with npm itself.
23 error Tell the author that this fails on your system:
23 error     meteor --settings settings-development.json --port 3030
23 error You can get information on how to open an issue for this project with:
23 error     npm bugs grontify
23 error Or if that isn't available, you can get their info via:
23 error     npm owner ls grontify
23 error There is likely additional logging output above.
24 verbose exit [ 1, true ]
